\BOOKMARK [0][-]{bm:Title.0}{Title Page}{}% 1
\BOOKMARK [0][-]{bm:Abstract.0}{Abstract}{}% 2
\BOOKMARK [0][-]{section*.1}{Table of Contents}{}% 3
\BOOKMARK [0][-]{section*.3}{List of Figures}{}% 4
\BOOKMARK [0][-]{chapter.1}{1 Introduction}{}% 5
\BOOKMARK [1][-]{section.1.1}{1.1 Motivation}{chapter.1}% 6
\BOOKMARK [1][-]{section.1.2}{1.2 Graphene and Hydrogen Storage}{chapter.1}% 7
\BOOKMARK [1][-]{section.1.3}{1.3 Our Project}{chapter.1}% 8
\BOOKMARK [0][-]{chapter.2}{2 Methods}{}% 9
\BOOKMARK [1][-]{section.2.1}{2.1 Methods Common to Other Groups}{chapter.2}% 10
\BOOKMARK [2][-]{subsection.2.1.1}{2.1.1 Density Functional Theory}{section.2.1}% 11
\BOOKMARK [2][-]{subsection.2.1.2}{2.1.2 Cluster Expansion}{section.2.1}% 12
\BOOKMARK [1][-]{section.2.2}{2.2 Enumeration of Structures}{chapter.2}% 13
\BOOKMARK [1][-]{section.2.3}{2.3 Search for Favorable Structures}{chapter.2}% 14
\BOOKMARK [0][-]{chapter.3}{3 Results}{}% 15
\BOOKMARK [1][-]{section.3.1}{3.1 Energy Metrics}{chapter.3}% 16
\BOOKMARK [1][-]{section.3.2}{3.2 Single-Sided Bonding}{chapter.3}% 17
\BOOKMARK [1][-]{section.3.3}{3.3 Double-Sided Bonding}{chapter.3}% 18
\BOOKMARK [1][-]{section.3.4}{3.4 Effect of Vacancies}{chapter.3}% 19
\BOOKMARK [1][-]{section.3.5}{3.5 Variation of Unit Cells}{chapter.3}% 20
\BOOKMARK [0][-]{Appendix.a.A}{Appendix A Appendix Title}{}% 21
\BOOKMARK [0][-]{section*.11}{Bibliography}{}% 22
